SipTranscribe/app/build/intermediates/manifest_merge_blame_file/debug/processDebugMainManifest/manifest-merger-blame-debug-report.txt
1<?xml version="1.0" encoding="utf-8"?>
2<manifest xmlns:android="http://schemas.android.com/apk/res/android"
3    package="com.siptranscribe.app"
4    android:versionCode="1"
5    android:versionName="1.0" >
6
7    <uses-sdk
8        android:minSdkVersion="26"
9        android:targetSdkVersion="34" />
10
11    <uses-permission android:name="android.permission.INTERNET" />
11-->src\main\AndroidManifest.xml:4:5-67
11-->src\main\AndroidManifest.xml:4:22-64
12    <uses-permission android:name="android.permission.RECORD_AUDIO" />
12-->src\main\AndroidManifest.xml:5:5-71
12-->src\main\AndroidManifest.xml:5:22-68
13    <uses-permission android:name="android.permission.MODIFY_AUDIO_SETTINGS" />
13-->src\main\AndroidManifest.xml:6:5-80
13-->src\main\AndroidManifest.xml:6:22-77
14    <uses-permission android:name="android.permission.VIBRATE" />
14-->src\main\AndroidManifest.xml:7:5-66
14-->src\main\AndroidManifest.xml:7:22-63
15    <uses-permission android:name="android.permission.WAKE_LOCK" />
15-->src\main\AndroidManifest.xml:8:5-68
15-->src\main\AndroidManifest.xml:8:22-65
16    <uses-permission android:name="android.permission.FOREGROUND_SERVICE" />
16-->src\main\AndroidManifest.xml:9:5-77
16-->src\main\AndroidManifest.xml:9:22-74
17    <uses-permission android:name="android.permission.FOREGROUND_SERVICE_PHONE_CALL" />
17-->src\main\AndroidManifest.xml:10:5-88
17-->src\main\AndroidManifest.xml:10:22-85
18    <uses-permission android:name="android.permission.MANAGE_OWN_CALLS" />
18-->src\main\AndroidManifest.xml:11:5-75
18-->src\main\AndroidManifest.xml:11:22-72
19    <uses-permission android:name="android.permission.READ_PHONE_STATE" />
19-->src\main\AndroidManifest.xml:12:5-75
19-->src\main\AndroidManifest.xml:12:22-72
20    <uses-permission android:name="android.permission.READ_CONTACTS" />
20-->src\main\AndroidManifest.xml:13:5-72
20-->src\main\AndroidManifest.xml:13:22-69
21    <uses-permission android:name="android.permission.POST_NOTIFICATIONS" />
21-->src\main\AndroidManifest.xml:14:5-77
21-->src\main\AndroidManifest.xml:14:22-74
22    <uses-permission android:name="android.permission.USE_FULL_SCREEN_INTENT" />
22-->src\main\AndroidManifest.xml:15:5-81
22-->src\main\AndroidManifest.xml:15:22-78
23    <uses-permission android:name="android.permission.ACCESS_NETWORK_STATE" /> <!-- Needed to be able to use WifiManager.MulticastLock -->
23-->[linphone-sdk-android.aar] AndroidManifest.xml:10:5-79
23-->[linphone-sdk-android.aar] AndroidManifest.xml:10:22-76
24    <uses-permission android:name="android.permission.CHANGE_WIFI_MULTICAST_STATE" />
24-->[linphone-sdk-android.aar] AndroidManifest.xml:13:5-86
24-->[linphone-sdk-android.aar] AndroidManifest.xml:13:22-83
25    <uses-permission android:name="android.permission.CAMERA" /> <!-- Needed to allow Linphone to install on tablets, since android.permission.CAMERA implies android.hardware.camera and android.hardware.camera.autofocus are required -->
25-->[linphone-sdk-android.aar] AndroidManifest.xml:14:5-65
25-->[linphone-sdk-android.aar] AndroidManifest.xml:14:22-62
26    <uses-feature
26-->[linphone-sdk-android.aar] AndroidManifest.xml:16:5-18:36
27        android:name="android.hardware.camera"
27-->[linphone-sdk-android.aar] AndroidManifest.xml:17:9-47
28        android:required="false" /> <!-- Needed for bluetooth -->
28-->[linphone-sdk-android.aar] AndroidManifest.xml:18:9-33
29    <uses-permission android:name="android.permission.BLUETOOTH" /> <!-- Needed to check current do not disturb policy -->
29-->[linphone-sdk-android.aar] AndroidManifest.xml:20:5-68
29-->[linphone-sdk-android.aar] AndroidManifest.xml:20:22-65
30    <uses-permission android:name="android.permission.ACCESS_NOTIFICATION_POLICY" /> <!-- Required to be able to monitor WiFi signal strength -->
30-->[linphone-sdk-android.aar] AndroidManifest.xml:26:5-85
30-->[linphone-sdk-android.aar] AndroidManifest.xml:26:22-82
31    <uses-permission android:name="android.permission.ACCESS_WIFI_STATE" />
31-->[linphone-sdk-android.aar] AndroidManifest.xml:28:5-76
31-->[linphone-sdk-android.aar] AndroidManifest.xml:28:22-73
32    <uses-permission android:name="android.permission.FOREGROUND_SERVICE_CAMERA" />
32-->[linphone-sdk-android.aar] AndroidManifest.xml:34:5-84
32-->[linphone-sdk-android.aar] AndroidManifest.xml:34:22-81
33    <uses-permission android:name="android.permission.FOREGROUND_SERVICE_MICROPHONE" />
33-->[linphone-sdk-android.aar] AndroidManifest.xml:35:5-88
33-->[linphone-sdk-android.aar] AndroidManifest.xml:35:22-85
34    <uses-permission android:name="android.permission.FOREGROUND_SERVICE_DATA_SYNC" />
34-->[linphone-sdk-android.aar] AndroidManifest.xml:37:5-87
34-->[linphone-sdk-android.aar] AndroidManifest.xml:37:22-84
35
36    <permission
36-->[androidx.core:core:1.12.0] AndroidManifest.xml:22:5-24:47
37        android:name="com.siptranscribe.app.DYNAMIC_RECEIVER_NOT_EXPORTED_PERMISSION"
37-->[androidx.core:core:1.12.0] AndroidManifest.xml:23:9-81
38        android:protectionLevel="signature" />
38-->[androidx.core:core:1.12.0] AndroidManifest.xml:24:9-44
39
40    <uses-permission android:name="com.siptranscribe.app.DYNAMIC_RECEIVER_NOT_EXPORTED_PERMISSION" />
40-->[androidx.core:core:1.12.0] AndroidManifest.xml:26:5-97
40-->[androidx.core:core:1.12.0] AndroidManifest.xml:26:22-94
41
42    <application
42-->src\main\AndroidManifest.xml:17:5-64:19
43        android:allowBackup="true"
43-->src\main\AndroidManifest.xml:18:9-35
44        android:appComponentFactory="androidx.core.app.CoreComponentFactory"
44-->[androidx.core:core:1.12.0] AndroidManifest.xml:28:18-86
45        android:debuggable="true"
46        android:extractNativeLibs="true"
47        android:icon="@mipmap/ic_launcher"
47-->src\main\AndroidManifest.xml:19:9-43
48        android:label="@string/app_name"
48-->src\main\AndroidManifest.xml:20:9-41
49        android:roundIcon="@mipmap/ic_launcher_round"
49-->src\main\AndroidManifest.xml:21:9-54
50        android:supportsRtl="true"
50-->src\main\AndroidManifest.xml:22:9-35
51        android:theme="@style/Theme.SipTranscribe" >
51-->src\main\AndroidManifest.xml:23:9-51
52        <activity
52-->src\main\AndroidManifest.xml:25:9-34:20
53            android:name="com.siptranscribe.app.MainActivity"
53-->src\main\AndroidManifest.xml:26:13-41
54            android:exported="true"
54-->src\main\AndroidManifest.xml:27:13-36
55            android:screenOrientation="landscape"
55-->src\main\AndroidManifest.xml:28:13-50
56            android:windowSoftInputMode="adjustResize" >
56-->src\main\AndroidManifest.xml:29:13-55
57            <intent-filter>
57-->src\main\AndroidManifest.xml:30:13-33:29
58                <action android:name="android.intent.action.MAIN" />
58-->src\main\AndroidManifest.xml:31:17-69
58-->src\main\AndroidManifest.xml:31:25-66
59
60                <category android:name="android.intent.category.LAUNCHER" />
60-->src\main\AndroidManifest.xml:32:17-77
60-->src\main\AndroidManifest.xml:32:27-74
61            </intent-filter>
62        </activity>
63        <activity
63-->src\main\AndroidManifest.xml:36:9-42:59
64            android:name="com.siptranscribe.app.CallActivity"
64-->src\main\AndroidManifest.xml:37:13-41
65            android:exported="false"
65-->src\main\AndroidManifest.xml:38:13-37
66            android:screenOrientation="landscape"
66-->src\main\AndroidManifest.xml:39:13-50
67            android:showOnLockScreen="true"
67-->src\main\AndroidManifest.xml:40:13-44
68            android:turnScreenOn="true"
68-->src\main\AndroidManifest.xml:41:13-40
69            android:windowSoftInputMode="adjustNothing" />
69-->src\main\AndroidManifest.xml:42:13-56
70        <activity
70-->src\main\AndroidManifest.xml:44:9-48:58
71            android:name="com.siptranscribe.app.ContactSuggestionsActivity"
71-->src\main\AndroidManifest.xml:45:13-55
72            android:exported="false"
72-->src\main\AndroidManifest.xml:46:13-37
73            android:parentActivityName="com.siptranscribe.app.MainActivity"
73-->src\main\AndroidManifest.xml:48:13-55
74            android:screenOrientation="landscape" />
74-->src\main\AndroidManifest.xml:47:13-50
75
76        <!--
77            Home-screen widget intentionally NOT registered. The on-tablet
78            kiosk story keeps everything in-app (see the favourites grid
79            on the main screen), and the previous registration crashed
80            anyway because WidgetConfigActivity extends AppCompatActivity
81            but used a non-AppCompat translucent theme. Source files are
82            kept dead-but-buildable in case we revisit later.
83        -->
84
85        <service
85-->src\main\AndroidManifest.xml:59:9-62:57
86            android:name="com.siptranscribe.app.SipService"
86-->src\main\AndroidManifest.xml:60:13-39
87            android:exported="false"
87-->src\main\AndroidManifest.xml:61:13-37
88            android:foregroundServiceType="phoneCall" />
88-->src\main\AndroidManifest.xml:62:13-54
89
90        <provider
90-->[androidx.emoji2:emoji2:1.2.0] AndroidManifest.xml:24:9-32:20
91            android:name="androidx.startup.InitializationProvider"
91-->[androidx.emoji2:emoji2:1.2.0] AndroidManifest.xml:25:13-67
92            android:authorities="com.siptranscribe.app.androidx-startup"
92-->[androidx.emoji2:emoji2:1.2.0] AndroidManifest.xml:26:13-68
93            android:exported="false" >
93-->[androidx.emoji2:emoji2:1.2.0] AndroidManifest.xml:27:13-37
94            <meta-data
94-->[androidx.emoji2:emoji2:1.2.0] AndroidManifest.xml:29:13-31:52
95                android:name="androidx.emoji2.text.EmojiCompatInitializer"
95-->[androidx.emoji2:emoji2:1.2.0] AndroidManifest.xml:30:17-75
96                android:value="androidx.startup" />
96-->[androidx.emoji2:emoji2:1.2.0] AndroidManifest.xml:31:17-49
97            <meta-data
97-->[androidx.lifecycle:lifecycle-process:2.7.0] AndroidManifest.xml:29:13-31:52
98                android:name="androidx.lifecycle.ProcessLifecycleInitializer"
98-->[androidx.lifecycle:lifecycle-process:2.7.0] AndroidManifest.xml:30:17-78
99                android:value="androidx.startup" />
99-->[androidx.lifecycle:lifecycle-process:2.7.0] AndroidManifest.xml:31:17-49
100            <meta-data
100-->[androidx.profileinstaller:profileinstaller:1.3.0] AndroidManifest.xml:29:13-31:52
101                android:name="androidx.profileinstaller.ProfileInstallerInitializer"
101-->[androidx.profileinstaller:profileinstaller:1.3.0] AndroidManifest.xml:30:17-85
102                android:value="androidx.startup" />
102-->[androidx.profileinstaller:profileinstaller:1.3.0] AndroidManifest.xml:31:17-49
103        </provider>
104
105        <receiver
105-->[androidx.profileinstaller:profileinstaller:1.3.0] AndroidManifest.xml:34:9-52:20
106            android:name="androidx.profileinstaller.ProfileInstallReceiver"
106-->[androidx.profileinstaller:profileinstaller:1.3.0] AndroidManifest.xml:35:13-76
107            android:directBootAware="false"
107-->[androidx.profileinstaller:profileinstaller:1.3.0] AndroidManifest.xml:36:13-44
108            android:enabled="true"
108-->[androidx.profileinstaller:profileinstaller:1.3.0] AndroidManifest.xml:37:13-35
109            android:exported="true"
109-->[androidx.profileinstaller:profileinstaller:1.3.0] AndroidManifest.xml:38:13-36
110            android:permission="android.permission.DUMP" >
110-->[androidx.profileinstaller:profileinstaller:1.3.0] AndroidManifest.xml:39:13-57
111            <intent-filter>
111-->[androidx.profileinstaller:profileinstaller:1.3.0] AndroidManifest.xml:40:13-42:29
112                <action android:name="androidx.profileinstaller.action.INSTALL_PROFILE" />
112-->[androidx.profileinstaller:profileinstaller:1.3.0] AndroidManifest.xml:41:17-91
112-->[androidx.profileinstaller:profileinstaller:1.3.0] AndroidManifest.xml:41:25-88
113            </intent-filter>
114            <intent-filter>
114-->[androidx.profileinstaller:profileinstaller:1.3.0] AndroidManifest.xml:43:13-45:29
115                <action android:name="androidx.profileinstaller.action.SKIP_FILE" />
115-->[androidx.profileinstaller:profileinstaller:1.3.0] AndroidManifest.xml:44:17-85
115-->[androidx.profileinstaller:profileinstaller:1.3.0] AndroidManifest.xml:44:25-82
116            </intent-filter>
117            <intent-filter>
117-->[androidx.profileinstaller:profileinstaller:1.3.0] AndroidManifest.xml:46:13-48:29
118                <action android:name="androidx.profileinstaller.action.SAVE_PROFILE" />
118-->[androidx.profileinstaller:profileinstaller:1.3.0] AndroidManifest.xml:47:17-88
118-->[androidx.profileinstaller:profileinstaller:1.3.0] AndroidManifest.xml:47:25-85
119            </intent-filter>
120            <intent-filter>
120-->[androidx.profileinstaller:profileinstaller:1.3.0] AndroidManifest.xml:49:13-51:29
121                <action android:name="androidx.profileinstaller.action.BENCHMARK_OPERATION" />
121-->[androidx.profileinstaller:profileinstaller:1.3.0] AndroidManifest.xml:50:17-95
121-->[androidx.profileinstaller:profileinstaller:1.3.0] AndroidManifest.xml:50:25-92
122            </intent-filter>
123        </receiver>
124
125        <provider
125-->[com.microsoft.cognitiveservices.speech:client-sdk:1.37.0] AndroidManifest.xml:15:9-18:40
126            android:name="com.microsoft.cognitiveservices.speech.util.InternalContentProvider"
126-->[com.microsoft.cognitiveservices.speech:client-sdk:1.37.0] AndroidManifest.xml:17:13-57
127            android:authorities="com.microsoft.cognitiveservices.speech.util.InternalContentProvider"
127-->[com.microsoft.cognitiveservices.speech:client-sdk:1.37.0] AndroidManifest.xml:16:13-102
128            android:exported="false" />
128-->[com.microsoft.cognitiveservices.speech:client-sdk:1.37.0] AndroidManifest.xml:18:13-37
129    </application>
130
131</manifest>